This is pdfTeX, Version 3.14159265-2.6-1.40.17 (TeX Live 2016) (preloaded format=pdflatex 2017.9.11)  7 OCT 2017 21:52
entering extended mode
 restricted \write18 enabled.
 %&-line parsing enabled.
**README.md
(./README.md
LaTeX2e <2016/03/31>
Babel <3.9r> and hyphenation patterns for 3 language(s) loaded.
! You can't use `macro parameter character #' in vertical mode.
l.1 #
      Surface Mesh Conditioner
? x
 
Here is how much of TeX's memory you used:
 6 strings out of 494946
 124 string characters out of 6180981
 45225 words of memory out of 5000000
 3399 multiletter control sequences out of 15000+600000
 3640 words of font info for 14 fonts, out of 8000000 for 9000
 14 hyphenation exceptions out of 8191
 5i,0n,1p,40b,8s stack positions out of 5000i,500n,10000p,200000b,80000s
No pages of output.
PDF statistics:
 0 PDF objects out of 1000 (max. 8388607)
 0 named destinations out of 1000 (max. 500000)
 1 words of extra memory for PDF output out of 10000 (max. 10000000)

